111M
activation-1.1.jar
ant-1.7.1.jar
ant-launcher-1.7.1.jar
antlr-2.7.7.jar
antlr-3.4-complete.jar
ascsapjco3wrp-20100529.jar
asm-3.2.jar
axis-1.4.jar
axis-saaj-1.4.jar
batik-anim-1.7.jar
batik-awt-util-1.7.jar
batik-bridge-1.7.jar
batik-codec-1.7.jar
batik-css-1.7.jar
batik-dom-1.7.jar
batik-ext-1.7.jar
batik-gui-util-1.7.jar
batik-gvt-1.7.jar
batik-parser-1.7.jar
batik-script-1.7.jar
batik-svg-dom-1.7.jar
batik-transcoder-1.7.jar
batik-util-1.7.jar
batik-xml-1.7.jar
bcmail-jdk14-138.jar
bcprov-jdk14-138.jar
bsf-2.4.0.jar
bsh-1.3.0.jar
cglib-nodep-2.2.jar
commons-beanutils-1.8.0.jar
commons-beanutils-core-1.8.0.jar
commons-cli-1.2.jar
commons-collections-3.2.1.jar
commons-compress-1.4.jar
commons-dbcp-1.2.1.jar
commons-digester-1.8.jar
commons-discovery-0.4.jar
commons-fileupload-1.3.1.jar
commons-io-2.2.jar
commons-lang-2.6.jar
commons-math-1.1.jar
commons-pool-1.5.7.jar
commons-validator-1.3.1.jar
commons-vfs-20100924-pentaho.jar
core-1.47.1.jar
dom4j-1.6.1.jar
drools-api-5.0.1.jar
drools-compiler-5.0.1.jar
drools-core-5.0.1.jar
edtftpj-2.1.0.jar
ehcache-core-2.5.1.jar
eigenbase-properties-1.1.2.jar
eigenbase-resgen-1.3.1.jar
eigenbase-xom-1.3.1.jar
elasticsearch-0.16.3.jar
esapi-2.0.1.jar
feed4j-1.0.jar
flute-6.0-SNAPSHOT.jar
ftp4che-0.7.1.jar
gdata-analytics-2.3.0.jar
gdata-analytics-meta-2.1.jar
gdata-client-1.41.4.jar
gdata-client-meta-1.0.jar
gdata-core-1.41.4.jar
georss-rome-0.9.8.jar
groovy-1.8.0.jar
guava-17.0.jar
hibernate-c3p0-3.6.9.Final.jar
hibernate-commons-annotations-3.2.0.Final.jar
hibernate-core-3.6.9.Final.jar
hibernate-ehcache-3.6.9.Final.jar
infobright-core-3.4.jar
ini4j-0.5.1.jar
itext-2.1.7.jar
itext-rtf-2.1.7.jar
jackcess-1.2.6.jar
jackson-core-asl-1.9.2.jar
jackson-jaxrs-1.9.2.jar
jackson-mapper-asl-1.9.2.jar
janino-2.5.16.jar
javacc-5.0.jar
javacup-10k.jar
javadbf-20081125.jar
javassist-3.12.1.GA.jar
jaxen-1.1.jar
jaxrpc-api-1.1.jar
jcifs-1.3.3.jar
jcommon-1.0.16.jar
jdom-1.0.jar
jersey-apache-client-1.16.jar
jersey-bundle-1.16.jar
jersey-client-1.16.jar
jersey-core-1.16.jar
jetty-6.1.21.jar
jetty-plus-6.1.21.jar
jetty-util-6.1.21.jar
jfreechart-1.0.13.jar
jlfgr-1.0.jar
js-1.7R3.jar
jsch-0.1.46.jar
jsendnsca-2.0.1.jar
json-6.0-SNAPSHOT.jar
jsonpath-1.0.jar
json-simple-1.1.jar
jsp-api-2.0.jar
jsr305-1.3.9.jar
jug-lgpl-2.0.0.jar
jxl-2.6.12.jar
kettle-core-6.0-SNAPSHOT.jar
kettle-engine-6.0-SNAPSHOT.jar
ldapjdk-20000524.jar
libbase-6.0-SNAPSHOT.jar
libdocbundle-6.0-SNAPSHOT.jar
libfonts-6.0-SNAPSHOT.jar
libformat-6.0-SNAPSHOT.jar
libformula-6.0-SNAPSHOT.jar
libloader-6.0-SNAPSHOT.jar
libpixie-6.0-SNAPSHOT.jar
librepository-6.0-SNAPSHOT.jar
libserializer-6.0-SNAPSHOT.jar
libswing-6.0-SNAPSHOT.jar
libxml-6.0-SNAPSHOT.jar
mail-1.4.7.jar
metastore-6.0-SNAPSHOT.jar
mondrian-3.11-SNAPSHOT.jar
monetdb-jdbc-2.8.jar
mstor-0.9.13.jar
mvel2-2.0.10.jar
nekohtml-1.9.15.jar
odfdom-java-0.8.6.jar
ognl-2.6.9.jar
olap4j-1.2.0.jar
olap4j-xmla-1.2.0.jar
org.apache.karaf.main-2.3.5.jar
pentaho-database-model-6.0-SNAPSHOT.jar
pentaho-hadoop-hive-jdbc-shim-6.0-SNAPSHOT.jar
pentaho-hadoop-shims-api-6.0-SNAPSHOT.jar
pentaho-metadata-6.0-SNAPSHOT.jar
pentaho-registry-6.0-SNAPSHOT.jar
pentaho-reporting-engine-classic-core-6.0-SNAPSHOT.jar
poi-3.9.jar
poi-ooxml-3.9.jar
poi-ooxml-schemas-3.9.jar
postgresql-9.3-1102-jdbc4.jar
rome-1.0.jar
rsyntaxtextarea-1.3.2.jar
sac-1.3.jar
salesforce-partner-24.0.jar
SassyReader-0.5.jar
saxon-9.1.0.8.jar
saxon-dom-9.1.0.8.jar
scannotation-1.0.2.jar
secondstring-20060615.jar
servlet-api-2.5.jar
snakeyaml-1.7.jar
snappy-java-1.1.0.jar
snmp4j-1.9.3d.jar
spring-2.5.6.jar
spring-security-core-2.0.5.RELEASE.jar
stax-1.2.0.jar
stax-api-1.0.1.jar
syslog4j-0.9.34.jar
trilead-ssh2-build213.jar
validation-api-1.0.0.GA.jar
wsdl4j-1.6.2.jar
wsdl4j-qname-1.6.1.jar
wstx-asl-3.2.4.jar
xalan-2.6.0.jar
xercesImpl-2.9.1.jar
xml-apis-2.0.2.jar
xml-apis-ext-1.3.04.jar
xmlbeans-2.5.0.jar
xmlpull-1.1.3.1.jar
xpp3_min-1.1.4c.jar
xstream-1.4.2.jar
